#
# A fatal error has been detected by the Java Runtime Environment:
#
#  SIGSEGV (0xb) at pc=0x000000010ce8b1fc, pid=10705, tid=0x0000000000000307
#
# JRE version: Java(TM) SE Runtime Environment (8.0_191-b12) (build 1.8.0_191-b12)
# Java VM: Java HotSpot(TM) 64-Bit Server VM (25.191-b12 mixed mode bsd-amd64 compressed oops)
# Problematic frame:
# V  [libjvm.dylib+0x48b1fc]
#
# Failed to write core dump. Core dumps have been disabled. To enable core dumping, try "ulimit -c unlimited" before starting Java again
#
# If you would like to submit a bug report, please visit:
#   http://bugreport.java.com/bugreport/crash.jsp
#

---------------  T H R E A D  ---------------

Current thread is native thread

siginfo: si_signo: 11 (SIGSEGV), si_code: 1 (SEGV_MAPERR), si_addr: 0x0000000000000128

Registers:
RAX=0x0000000000000000, RBX=0x00007ffee429a510, RCX=0x00007fffb1d8c3c8, RDX=0x00007ffee429a510
RSP=0x00007ffee429a040, RBP=0x00007ffee429a070, RSI=0x00007ffee429a4a8, RDI=0x0000000000000109
R8 =0x00007ffee429a510, R9 =0x00000000ffffffff, R10=0x0000000000000c00, R11=0x0000000000000206
R12=0x0000000000000c00, R13=0x0000000007000806, R14=0x00007ffee429a4a8, R15=0x0000000000000002
RIP=0x000000010ce8b1fc, EFLAGS=0x0000000000010202, ERR=0x0000000000000004
  TRAPNO=0x000000000000000e

Top of Stack: (sp=0x00007ffee429a040)
0x00007ffee429a040:   000000005bfdcc09 00007ffee429a510
0x00007ffee429a050:   0000000000000c00 0000000007000806
0x00007ffee429a060:   00007ffee429a780 00000000ffffffff
0x00007ffee429a070:   00007ffee429a080 00007fff79651f5a
0x00007ffee429a080:   00007ffee429a620 00007fff7871d5b1
0x00007ffee429a090:   00007fffab61f4b0 0000000000000000
0x00007ffee429a0a0:   0100001f00000085 00007fffab61a140
0x00007ffee429a0b0:   0000000010004005 0000000007000806
0x00007ffee429a0c0:   00007ffee429a5c8 0000000000000000
0x00007ffee429a0d0:   00007ffee429a780 0000000007000806
0x00007ffee429a0e0:   00007ffee429a620 00007ffee429a5c8
0x00007ffee429a0f0:   0000000000000b03 00000000ffffffff
0x00007ffee429a100:   0000000000000c00 0000000000000206
0x00007ffee429a110:   0000000000000c00 0000000007000806
0x00007ffee429a120:   00007ffee429a780 00000000ffffffff
0x00007ffee429a130:   00007fff7948a20a 0000000000000206
0x00007ffee429a140:   0000000000000007 0000000000000000
0x00007ffee429a150:   0000000000000000 0000000000000000
0x00007ffee429a160:   000000000000037f 0000000000000000
0x00007ffee429a170:   0000000000000000 0000ffff00001fa1
0x00007ffee429a180:   0000000000000000 000000000000ffff
0x00007ffee429a190:   0000000000000100 000000000000ffff
0x00007ffee429a1a0:   0000000000000000 0000000000000000
0x00007ffee429a1b0:   0000000000000000 0000000000000000
0x00007ffee429a1c0:   87bc000000000000 000000000000c00b
0x00007ffee429a1d0:   0000000000000000 0000000000000000
0x00007ffee429a1e0:   8000000000000000 0000000000004007
0x00007ffee429a1f0:   c060000000000000 000000000000400a
0x00007ffee429a200:   41c10125e528b852 0000000000000000
0x00007ffee429a210:   3fd45c28f5c28f5c 0000000000000000
0x00007ffee429a220:   4415af1d78b58c40 0000000000000000
0x00007ffee429a230:   c3e0000000000000 0000000000000000 

Instructions: (pc=0x000000010ce8b1fc)
0x000000010ce8b1dc:   83 ec 08 48 89 d3 49 89 f6 e8 70 49 14 00 44 8b
0x000000010ce8b1ec:   38 48 8d 05 8c 34 3b 00 48 63 38 e8 40 4c 14 00
0x000000010ce8b1fc:   4c 8b a0 28 01 00 00 41 83 7c 24 34 01 0f 85 e2
0x000000010ce8b20c:   00 00 00 49 89 5c 24 40 4d 89 74 24 38 49 8d 5c 

Register to memory mapping:

RAX=0x0000000000000000 is an unknown value
RBX=0x00007ffee429a510 is an unknown value
RCX=0x00007fffb1d8c3c8: _thread+0x48 in /usr/lib/system/libsystem_pthread.dylib at 0x00007fff79658000
RDX=0x00007ffee429a510 is an unknown value
RSP=0x00007ffee429a040 is an unknown value
RBP=0x00007ffee429a070 is an unknown value
RSI=0x00007ffee429a4a8 is an unknown value
RDI=0x0000000000000109 is an unknown value
R8 =0x00007ffee429a510 is an unknown value
R9 =0x00000000ffffffff is an unknown value
R10=0x0000000000000c00 is an unknown value
R11=0x0000000000000206 is an unknown value
R12=0x0000000000000c00 is an unknown value
R13=0x0000000007000806 is an unknown value
R14=0x00007ffee429a4a8 is an unknown value
R15=0x0000000000000002 is an unknown value


Stack: [0x00007ffee3a9f000,0x00007ffee429f000],  sp=0x00007ffee429a040,  free space=8172k
Native frames: (J=compiled Java code, j=interpreted, Vv=VM code, C=native code)
V  [libjvm.dylib+0x48b1fc]
C  [libsystem_platform.dylib+0x1f5a]  _sigtramp+0x1a
C  [libobjc.A.dylib+0x85b1]  _objc_fetch_pthread_data+0x22
C  [CoreFoundation+0x86665]  __CFRunLoopServiceMachPort+0x155
C  [CoreFoundation+0x859b7]  __CFRunLoopRun+0x6f7
C  [CoreFoundation+0x85033]  CFRunLoopRunSpecific+0x1e3
C  [java+0x646e]  CreateExecutionEnvironment+0x367
C  [java+0x203c]  JLI_Launch+0x7a0
C  [java+0x84cb]  main+0x65
C  [java+0x1894]  start+0x34


---------------  P R O C E S S  ---------------

VM state:not at safepoint (normal execution)

VM Mutex/Monitor currently owned by a thread: None

Heap:
 PSYoungGen      total 76288K, used 56408K [0x000000076ab00000, 0x0000000770000000, 0x00000007c0000000)
  eden space 65536K, 86% used [0x000000076ab00000,0x000000076e216188,0x000000076eb00000)
  from space 10752K, 0% used [0x000000076f580000,0x000000076f580000,0x0000000770000000)
  to   space 10752K, 0% used [0x000000076eb00000,0x000000076eb00000,0x000000076f580000)
 ParOldGen       total 175104K, used 0K [0x00000006c0000000, 0x00000006cab00000, 0x000000076ab00000)
  object space 175104K, 0% used [0x00000006c0000000,0x00000006c0000000,0x00000006cab00000)
 Metaspace       used 12214K, capacity 12422K, committed 12544K, reserved 1060864K
  class space    used 1474K, capacity 1514K, committed 1536K, reserved 1048576K

Card table byte_map: [0x000000010ddea000,0x000000010e5eb000] byte_map_base: 0x000000010a7ea000

Marking Bits: (ParMarkBitMap*) 0x000000010d2f9e00
 Begin Bits: [0x0000000124cf2000, 0x0000000128cf2000)
 End Bits:   [0x0000000128cf2000, 0x000000012ccf2000)

Polling page: 0x000000010b9e2000

CodeCache: size=245760Kb used=4261Kb max_used=4272Kb free=241499Kb
 bounds [0x0000000115cf2000, 0x0000000116122000, 0x0000000124cf2000]
 total_blobs=1461 nmethods=1144 adapters=230
 compilation: enabled

Compilation events (10 events):
Event: 1.822 Thread 0x00007fe5c3001000 1116       1       liquibase.change.AbstractSQLChange::generateStatementsVolatile (2 bytes)
Event: 1.822 Thread 0x00007fe5c3001000 nmethod 1116 0x000000011610f990 code [0x000000011610fae0, 0x000000011610fbf0]
Event: 1.822 Thread 0x00007fe5c3001000 1126       1       sun.reflect.annotation.AnnotationType::memberTypes (5 bytes)
Event: 1.822 Thread 0x00007fe5c3001000 nmethod 1126 0x000000011610f6d0 code [0x000000011610f820, 0x000000011610f930]
Event: 1.822 Thread 0x00007fe5c3001000 1127       1       sun.reflect.annotation.AnnotationType::memberDefaults (5 bytes)
Event: 1.822 Thread 0x00007fe5c3001000 nmethod 1127 0x000000011610f410 code [0x000000011610f560, 0x000000011610f670]
Event: 1.822 Thread 0x00007fe5c3001000 1128       1       sun.reflect.annotation.AnnotationType::retention (5 bytes)
Event: 1.822 Thread 0x00007fe5c3001000 nmethod 1128 0x000000011610f150 code [0x000000011610f2a0, 0x000000011610f3b0]
Event: 1.823 Thread 0x00007fe5c3001000 1141       3       liquibase.change.core.AddNotNullConstraintChange::generateStatements (177 bytes)
Event: 1.824 Thread 0x00007fe5c3802000 1144   !   4       liquibase.change.ChangeParameterMetaData::setValue (402 bytes)

GC Heap History (0 events):
No events

Deoptimization events (10 events):
Event: 1.605 Thread 0x00007fe5c1803000 Uncommon trap: reason=array_check action=maybe_recompile pc=0x00000001160bc890 method=java.util.AbstractCollection.toArray([Ljava/lang/Object;)[Ljava/lang/Object; @ 119
Event: 1.605 Thread 0x00007fe5c1803000 Uncommon trap: reason=array_check action=maybe_recompile pc=0x00000001160bc890 method=java.util.AbstractCollection.toArray([Ljava/lang/Object;)[Ljava/lang/Object; @ 119
Event: 1.606 Thread 0x00007fe5c1803000 Uncommon trap: reason=array_check action=maybe_recompile pc=0x00000001160bc890 method=java.util.AbstractCollection.toArray([Ljava/lang/Object;)[Ljava/lang/Object; @ 119
Event: 1.606 Thread 0x00007fe5c1803000 Uncommon trap: reason=array_check action=maybe_recompile pc=0x00000001160bc890 method=java.util.AbstractCollection.toArray([Ljava/lang/Object;)[Ljava/lang/Object; @ 119
Event: 1.759 Thread 0x00007fe5c1803000 Uncommon trap: reason=class_check action=maybe_recompile pc=0x0000000115fa3470 method=java.util.HashMap.putVal(ILjava/lang/Object;Ljava/lang/Object;ZZ)Ljava/lang/Object; @ 253
Event: 1.759 Thread 0x00007fe5c1803000 Uncommon trap: reason=class_check action=maybe_recompile pc=0x0000000115fa3470 method=java.util.HashMap.putVal(ILjava/lang/Object;Ljava/lang/Object;ZZ)Ljava/lang/Object; @ 253
Event: 1.759 Thread 0x00007fe5c1803000 Uncommon trap: reason=class_check action=maybe_recompile pc=0x0000000115fa3470 method=java.util.HashMap.putVal(ILjava/lang/Object;Ljava/lang/Object;ZZ)Ljava/lang/Object; @ 253
Event: 1.759 Thread 0x00007fe5c1803000 Uncommon trap: reason=class_check action=maybe_recompile pc=0x0000000115fa3470 method=java.util.HashMap.putVal(ILjava/lang/Object;Ljava/lang/Object;ZZ)Ljava/lang/Object; @ 253
Event: 1.779 Thread 0x00007fe5c1803000 Uncommon trap: reason=unstable_if action=reinterpret pc=0x00000001160d9938 method=java.lang.Class$MethodArray.matchesNameAndDescriptor(Ljava/lang/reflect/Method;Ljava/lang/reflect/Method;)Z @ 33
Event: 1.781 Thread 0x00007fe5c1803000 Uncommon trap: reason=unstable_if action=reinterpret pc=0x00000001160b31dc method=java.lang.Character.isUpperCase(I)Z @ 5

Classes redefined (0 events):
No events

Internal exceptions (10 events):
Event: 1.646 Thread 0x00007fe5c1803000 Exception <a 'java/lang/ClassNotFoundException': liquibase/change/AbstractSQLChangeCustomizer> (0x000000076dc40038) thrown at [/Users/java_re/workspace/8-2-build-macosx-x86_64/jdk8u191/11896/hotspot/src/share/vm/classfile/systemDictionary.cpp, line 210]
Event: 1.668 Thread 0x00007fe5c1803000 Exception <a 'java/lang/ClassNotFoundException': liquibase/change/core/RawSQLChangeCustomizer> (0x000000076dc579e0) thrown at [/Users/java_re/workspace/8-2-build-macosx-x86_64/jdk8u191/11896/hotspot/src/share/vm/classfile/systemDictionary.cpp, line 210]
Event: 1.777 Thread 0x00007fe5c1803000 Exception <a 'java/lang/ClassNotFoundException': liquibase/change/core/LoadUpdateDataChangeBeanInfo> (0x000000076deb7d00) thrown at [/Users/java_re/workspace/8-2-build-macosx-x86_64/jdk8u191/11896/hotspot/src/share/vm/classfile/systemDictionary.cpp, line 
Event: 1.777 Thread 0x00007fe5c1803000 Exception <a 'java/lang/ClassNotFoundException': liquibase/change/core/LoadDataChangeBeanInfo> (0x000000076deba3d0) thrown at [/Users/java_re/workspace/8-2-build-macosx-x86_64/jdk8u191/11896/hotspot/src/share/vm/classfile/systemDictionary.cpp, line 210]
Event: 1.777 Thread 0x00007fe5c1803000 Exception <a 'java/lang/ClassNotFoundException': liquibase/change/core/LoadDataChangeCustomizer> (0x000000076debc918) thrown at [/Users/java_re/workspace/8-2-build-macosx-x86_64/jdk8u191/11896/hotspot/src/share/vm/classfile/systemDictionary.cpp, line 210]
Event: 1.782 Thread 0x00007fe5c1803000 Exception <a 'java/lang/ClassNotFoundException': liquibase/change/core/LoadUpdateDataChangeCustomizer> (0x000000076def50f8) thrown at [/Users/java_re/workspace/8-2-build-macosx-x86_64/jdk8u191/11896/hotspot/src/share/vm/classfile/systemDictionary.cpp, lin
Event: 1.795 Thread 0x00007fe5c1803000 Exception <a 'java/lang/ClassNotFoundException': liquibase/change/core/TagDatabaseChangeBeanInfo> (0x000000076df3f628) thrown at [/Users/java_re/workspace/8-2-build-macosx-x86_64/jdk8u191/11896/hotspot/src/share/vm/classfile/systemDictionary.cpp, line 210
Event: 1.795 Thread 0x00007fe5c1803000 Exception <a 'java/lang/ClassNotFoundException': liquibase/change/core/TagDatabaseChangeCustomizer> (0x000000076df41a98) thrown at [/Users/java_re/workspace/8-2-build-macosx-x86_64/jdk8u191/11896/hotspot/src/share/vm/classfile/systemDictionary.cpp, line 2
Event: 1.797 Thread 0x00007fe5c1803000 Exception <a 'java/lang/ClassNotFoundException': liquibase/change/core/AddNotNullConstraintChangeBeanInfo> (0x000000076df820a8) thrown at [/Users/java_re/workspace/8-2-build-macosx-x86_64/jdk8u191/11896/hotspot/src/share/vm/classfile/systemDictionary.cpp,
Event: 1.797 Thread 0x00007fe5c1803000 Exception <a 'java/lang/ClassNotFoundException': liquibase/change/core/AddNotNullConstraintChangeCustomizer> (0x000000076df847a0) thrown at [/Users/java_re/workspace/8-2-build-macosx-x86_64/jdk8u191/11896/hotspot/src/share/vm/classfile/systemDictionary.cp

Events (10 events):
Event: 1.797 loading class liquibase/change/core/AddNotNullConstraintChangeBeanInfo
Event: 1.797 loading class liquibase/change/core/AddNotNullConstraintChangeBeanInfo done
Event: 1.797 loading class liquibase/change/core/AddNotNullConstraintChangeBeanInfo
Event: 1.797 loading class liquibase/change/core/AddNotNullConstraintChangeBeanInfo done
Event: 1.797 loading class liquibase/change/core/AddNotNullConstraintChangeCustomizer
Event: 1.797 loading class liquibase/change/core/AddNotNullConstraintChangeCustomizer done
Event: 1.797 loading class liquibase/change/core/AddNotNullConstraintChangeCustomizer
Event: 1.797 loading class liquibase/change/core/AddNotNullConstraintChangeCustomizer done
Event: 1.797 loading class liquibase/change/core/AddNotNullConstraintChangeCustomizer
Event: 1.797 loading class liquibase/change/core/AddNotNullConstraintChangeCustomizer done


Dynamic libraries:
0x00007fff50bdd000 	/System/Library/Frameworks/Cocoa.framework/Versions/A/Cocoa
0x00007fff5d1f8000 	/System/Library/Frameworks/Security.framework/Versions/A/Security
0x00007fff4f81e000 	/System/Library/Frameworks/ApplicationServices.framework/Versions/A/ApplicationServices
0x00007fff7912b000 	/usr/lib/libz.1.dylib
0x00007fff7705c000 	/usr/lib/libSystem.B.dylib
0x00007fff78715000 	/usr/lib/libobjc.A.dylib
0x00007fff51390000 	/System/Library/Frameworks/CoreFoundation.framework/Versions/A/CoreFoundation
0x00007fff534f2000 	/System/Library/Frameworks/Foundation.framework/Versions/C/Foundation
0x00007fff4e96e000 	/System/Library/Frameworks/AppKit.framework/Versions/C/AppKit
0x00007fff50f55000 	/System/Library/Frameworks/CoreData.framework/Versions/A/CoreData
0x00007fff70915000 	/System/Library/PrivateFrameworks/RemoteViewServices.framework/Versions/A/RemoteViewServices
0x00007fff7508e000 	/System/Library/PrivateFrameworks/UIFoundation.framework/Versions/A/UIFoundation
0x00007fff6570d000 	/System/Library/PrivateFrameworks/DFRFoundation.framework/Versions/A/DFRFoundation
0x00007fff55b5e000 	/System/Library/Frameworks/Metal.framework/Versions/A/Metal
0x00007fff658aa000 	/System/Library/PrivateFrameworks/DesktopServicesPriv.framework/Versions/A/DesktopServicesPriv
0x00007fff77c62000 	/usr/lib/libenergytrace.dylib
0x00007fff730fa000 	/System/Library/PrivateFrameworks/SkyLight.framework/Versions/A/SkyLight
0x00007fff51833000 	/System/Library/Frameworks/CoreGraphics.framework/Versions/A/CoreGraphics
0x00007fff77057000 	/usr/lib/libScreenReader.dylib
0x00007fff4d908000 	/System/Library/Frameworks/Accelerate.framework/Versions/A/Accelerate
0x00007fff53c6c000 	/System/Library/Frameworks/IOSurface.framework/Versions/A/IOSurface
0x00007fff4fd68000 	/System/Library/Frameworks/AudioToolbox.framework/Versions/A/AudioToolbox
0x00007fff4fff8000 	/System/Library/Frameworks/AudioUnit.framework/Versions/A/AudioUnit
0x00007fff657a5000 	/System/Library/PrivateFrameworks/DataDetectorsCore.framework/Versions/A/DataDetectorsCore
0x00007fff506d0000 	/System/Library/Frameworks/Carbon.framework/Versions/A/Frameworks/HIToolbox.framework/Versions/A/HIToolbox
0x00007fff77dbc000 	/usr/lib/libicucore.A.dylib
0x00007fff5c776000 	/System/Library/Frameworks/QuartzCore.framework/Versions/A/QuartzCore
0x00007fff7239c000 	/System/Library/PrivateFrameworks/SignpostNotification.framework/Versions/A/SignpostNotification
0x00007fff50ab6000 	/System/Library/Frameworks/Carbon.framework/Versions/A/Frameworks/SpeechRecognition.framework/Versions/A/SpeechRecognition
0x00007fff771b8000 	/usr/lib/libauto.dylib
0x00007fff7901a000 	/usr/lib/libxml2.2.dylib
0x00007fff6535d000 	/System/Library/PrivateFrameworks/CoreUI.framework/Versions/A/CoreUI
0x00007fff50e31000 	/System/Library/Frameworks/CoreAudio.framework/Versions/A/CoreAudio
0x00007fff5332c000 	/System/Library/Frameworks/DiskArbitration.framework/Versions/A/DiskArbitration
0x00007fff78030000 	/usr/lib/liblangid.dylib
0x00007fff6ce18000 	/System/Library/PrivateFrameworks/MultitouchSupport.framework/Versions/A/MultitouchSupport
0x00007fff53bcf000 	/System/Library/Frameworks/IOKit.framework/Versions/A/IOKit
0x00007fff76ce6000 	/usr/lib/libDiagnosticMessagesClient.dylib
0x00007fff52509000 	/System/Library/Frameworks/CoreServices.framework/Versions/A/CoreServices
0x00007fff6e951000 	/System/Library/PrivateFrameworks/PerformanceAnalysis.framework/Versions/A/PerformanceAnalysis
0x00007fff5b918000 	/System/Library/Frameworks/OpenGL.framework/Versions/A/OpenGL
0x00007fff50beb000 	/System/Library/Frameworks/ColorSync.framework/Versions/A/ColorSync
0x00007fff51e45000 	/System/Library/Frameworks/CoreImage.framework/Versions/A/CoreImage
0x00007fff52e9a000 	/System/Library/Frameworks/CoreText.framework/Versions/A/CoreText
0x00007fff53cca000 	/System/Library/Frameworks/ImageIO.framework/Versions/A/ImageIO
0x00007fff62009000 	/System/Library/PrivateFrameworks/Backup.framework/Versions/A/Backup
0x00007fff77108000 	/usr/lib/libarchive.2.dylib
0x00007fff5031b000 	/System/Library/Frameworks/CFNetwork.framework/Versions/A/CFNetwork
0x00007fff5d98b000 	/System/Library/Frameworks/SystemConfiguration.framework/Versions/A/SystemConfiguration
0x00007fff76c0f000 	/usr/lib/libCRFSuite.dylib
0x00007fff77291000 	/usr/lib/libc++.1.dylib
0x00007fff772e8000 	/usr/lib/libc++abi.dylib
0x00007fff791d9000 	/usr/lib/system/libcache.dylib
0x00007fff791de000 	/usr/lib/system/libcommonCrypto.dylib
0x00007fff791e9000 	/usr/lib/system/libcompiler_rt.dylib
0x00007fff791f1000 	/usr/lib/system/libcopyfile.dylib
0x00007fff791fb000 	/usr/lib/system/libcorecrypto.dylib
0x00007fff79308000 	/usr/lib/system/libdispatch.dylib
0x00007fff79342000 	/usr/lib/system/libdyld.dylib
0x00007fff79360000 	/usr/lib/system/libkeymgr.dylib
0x00007fff7936e000 	/usr/lib/system/liblaunch.dylib
0x00007fff7936f000 	/usr/lib/system/libmacho.dylib
0x00007fff79374000 	/usr/lib/system/libquarantine.dylib
0x00007fff79377000 	/usr/lib/system/libremovefile.dylib
0x00007fff79379000 	/usr/lib/system/libsystem_asl.dylib
0x00007fff79391000 	/usr/lib/system/libsystem_blocks.dylib
0x00007fff79392000 	/usr/lib/system/libsystem_c.dylib
0x00007fff7941c000 	/usr/lib/system/libsystem_configuration.dylib
0x00007fff79420000 	/usr/lib/system/libsystem_coreservices.dylib
0x00007fff79424000 	/usr/lib/system/libsystem_darwin.dylib
0x00007fff79426000 	/usr/lib/system/libsystem_dnssd.dylib
0x00007fff7942d000 	/usr/lib/system/libsystem_info.dylib
0x00007fff7949e000 	/usr/lib/system/libsystem_m.dylib
0x00007fff794ea000 	/usr/lib/system/libsystem_malloc.dylib
0x00007fff7950a000 	/usr/lib/system/libsystem_network.dylib
0x00007fff7963b000 	/usr/lib/system/libsystem_networkextension.dylib
0x00007fff79646000 	/usr/lib/system/libsystem_notify.dylib
0x00007fff79664000 	/usr/lib/system/libsystem_sandbox.dylib
0x00007fff79668000 	/usr/lib/system/libsystem_secinit.dylib
0x00007fff79477000 	/usr/lib/system/libsystem_kernel.dylib
0x00007fff79650000 	/usr/lib/system/libsystem_platform.dylib
0x00007fff79658000 	/usr/lib/system/libsystem_pthread.dylib
0x00007fff7966a000 	/usr/lib/system/libsystem_symptoms.dylib
0x00007fff79672000 	/usr/lib/system/libsystem_trace.dylib
0x00007fff79687000 	/usr/lib/system/libunwind.dylib
0x00007fff7968d000 	/usr/lib/system/libxpc.dylib
0x00007fff76b22000 	/usr/lib/closure/libclosured.dylib
0x00007fff77272000 	/usr/lib/libbsm.0.dylib
0x00007fff79361000 	/usr/lib/system/libkxld.dylib
0x00007fff76f20000 	/usr/lib/libOpenScriptingUtil.dylib
0x00007fff775e1000 	/usr/lib/libcoretls.dylib
0x00007fff775fa000 	/usr/lib/libcoretls_cfhelpers.dylib
0x00007fff78b16000 	/usr/lib/libpam.2.dylib
0x00007fff78c3d000 	/usr/lib/libsqlite3.dylib
0x00007fff79009000 	/usr/lib/libxar.1.dylib
0x00007fff77283000 	/usr/lib/libbz2.1.0.dylib
0x00007fff78032000 	/usr/lib/liblzma.5.dylib
0x00007fff78513000 	/usr/lib/libnetwork.dylib
0x00007fff770f1000 	/usr/lib/libapple_nghttp2.dylib
0x00007fff78b1d000 	/usr/lib/libpcap.A.dylib
0x00007fff771b9000 	/usr/lib/libboringssl.dylib
0x00007fff78fa4000 	/usr/lib/libusrtcp.dylib
0x00007fff770f0000 	/usr/lib/libapple_crypto.dylib
0x00007fff5288c000 	/System/Library/Frameworks/CoreServices.framework/Versions/A/Frameworks/FSEvents.framework/Versions/A/FSEvents
0x00007fff5257f000 	/System/Library/Frameworks/CoreServices.framework/Versions/A/Frameworks/CarbonCore.framework/Versions/A/CarbonCore
0x00007fff52a54000 	/System/Library/Frameworks/CoreServices.framework/Versions/A/Frameworks/Metadata.framework/Versions/A/Metadata
0x00007fff52b05000 	/System/Library/Frameworks/CoreServices.framework/Versions/A/Frameworks/OSServices.framework/Versions/A/OSServices
0x00007fff52b66000 	/System/Library/Frameworks/CoreServices.framework/Versions/A/Frameworks/SearchKit.framework/Versions/A/SearchKit
0x00007fff5250a000 	/System/Library/Frameworks/CoreServices.framework/Versions/A/Frameworks/AE.framework/Versions/A/AE
0x00007fff52895000 	/System/Library/Frameworks/CoreServices.framework/Versions/A/Frameworks/LaunchServices.framework/Versions/A/LaunchServices
0x00007fff52857000 	/System/Library/Frameworks/CoreServices.framework/Versions/A/Frameworks/DictionaryServices.framework/Versions/A/DictionaryServices
0x00007fff52bd5000 	/System/Library/Frameworks/CoreServices.framework/Versions/A/Frameworks/SharedFileList.framework/Versions/A/SharedFileList
0x00007fff56d94000 	/System/Library/Frameworks/NetFS.framework/Versions/A/NetFS
0x00007fff6d0a9000 	/System/Library/PrivateFrameworks/NetAuth.framework/Versions/A/NetAuth
0x00007fff769b9000 	/System/Library/PrivateFrameworks/login.framework/Versions/A/Frameworks/loginsupport.framework/Versions/A/loginsupport
0x00007fff74d0b000 	/System/Library/PrivateFrameworks/TCC.framework/Versions/A/TCC
0x00007fff78113000 	/usr/lib/libmecabra.dylib
0x00007fff4f81f000 	/System/Library/Frameworks/ApplicationServices.framework/Versions/A/Frameworks/ATS.framework/Versions/A/ATS
0x00007fff4fbcd000 	/System/Library/Frameworks/ApplicationServices.framework/Versions/A/Frameworks/ColorSyncLegacy.framework/Versions/A/ColorSyncLegacy
0x00007fff4fc71000 	/System/Library/Frameworks/ApplicationServices.framework/Versions/A/Frameworks/HIServices.framework/Versions/A/HIServices
0x00007fff4fcc4000 	/System/Library/Frameworks/ApplicationServices.framework/Versions/A/Frameworks/LangAnalysis.framework/Versions/A/LangAnalysis
0x00007fff4fcd3000 	/System/Library/Frameworks/ApplicationServices.framework/Versions/A/Frameworks/PrintCore.framework/Versions/A/PrintCore
0x00007fff4fd20000 	/System/Library/Frameworks/ApplicationServices.framework/Versions/A/Frameworks/QD.framework/Versions/A/QD
0x00007fff4fd5b000 	/System/Library/Frameworks/ApplicationServices.framework/Versions/A/Frameworks/SpeechSynthesis.framework/Versions/A/SpeechSynthesis
0x00007fff512ac000 	/System/Library/Frameworks/CoreDisplay.framework/Versions/A/CoreDisplay
0x00007fff4d920000 	/System/Library/Frameworks/Accelerate.framework/Versions/A/Frameworks/vImage.framework/Versions/A/vImage
0x00007fff4e67a000 	/System/Library/Frameworks/Accelerate.framework/Versions/A/Frameworks/vecLib.framework/Versions/A/vecLib
0x00007fff4e41a000 	/System/Library/Frameworks/Accelerate.framework/Versions/A/Frameworks/vecLib.framework/Versions/A/libvDSP.dylib
0x00007fff4df7a000 	/System/Library/Frameworks/Accelerate.framework/Versions/A/Frameworks/vecLib.framework/Versions/A/libBNNS.dylib
0x00007fff4e37f000 	/System/Library/Frameworks/Accelerate.framework/Versions/A/Frameworks/vecLib.framework/Versions/A/libQuadrature.dylib
0x00007fff4e5c8000 	/System/Library/Frameworks/Accelerate.framework/Versions/A/Frameworks/vecLib.framework/Versions/A/libvMisc.dylib
0x00007fff4dfa9000 	/System/Library/Frameworks/Accelerate.framework/Versions/A/Frameworks/vecLib.framework/Versions/A/libLAPACK.dylib
0x00007fff4de1f000 	/System/Library/Frameworks/Accelerate.framework/Versions/A/Frameworks/vecLib.framework/Versions/A/libBLAS.dylib
0x00007fff4e369000 	/System/Library/Frameworks/Accelerate.framework/Versions/A/Frameworks/vecLib.framework/Versions/A/libLinearAlgebra.dylib
0x00007fff4e385000 	/System/Library/Frameworks/Accelerate.framework/Versions/A/Frameworks/vecLib.framework/Versions/A/libSparse.dylib
0x00007fff4e406000 	/System/Library/Frameworks/Accelerate.framework/Versions/A/Frameworks/vecLib.framework/Versions/A/libSparseBLAS.dylib
0x00007fff69ee9000 	/System/Library/PrivateFrameworks/GPUWrangler.framework/Versions/A/GPUWrangler
0x00007fff6b67a000 	/System/Library/PrivateFrameworks/IOAccelerator.framework/Versions/A/IOAccelerator
0x00007fff6b685000 	/System/Library/PrivateFrameworks/IOPresentment.framework/Versions/A/IOPresentment
0x00007fff6571f000 	/System/Library/PrivateFrameworks/DSExternalDisplay.framework/Versions/A/DSExternalDisplay
0x00007fff5ad97000 	/System/Library/Frameworks/OpenGL.framework/Versions/A/Libraries/libCoreFSCache.dylib
0x00007fff52feb000 	/System/Library/Frameworks/CoreVideo.framework/Versions/A/CoreVideo
0x00007fff6ac64000 	/System/Library/PrivateFrameworks/GraphVisualizer.framework/Versions/A/GraphVisualizer
0x00007fff55d95000 	/System/Library/Frameworks/MetalPerformanceShaders.framework/Versions/A/MetalPerformanceShaders
0x00007fff76d1e000 	/usr/lib/libFosl_dynamic.dylib
0x00007fff667f3000 	/System/Library/PrivateFrameworks/FaceCore.framework/Versions/A/FaceCore
0x00007fff59b92000 	/System/Library/Frameworks/OpenCL.framework/Versions/A/OpenCL
0x00007fff7731f000 	/usr/lib/libcompression.dylib
0x00007fff4f91e000 	/System/Library/Frameworks/ApplicationServices.framework/Versions/A/Frameworks/ATS.framework/Versions/A/Resources/libFontParser.dylib
0x00007fff4fa41000 	/System/Library/Frameworks/ApplicationServices.framework/Versions/A/Frameworks/ATS.framework/Versions/A/Resources/libFontRegistry.dylib
0x00007fff53f32000 	/System/Library/Frameworks/ImageIO.framework/Versions/A/Resources/libJPEG.dylib
0x00007fff5425b000 	/System/Library/Frameworks/ImageIO.framework/Versions/A/Resources/libTIFF.dylib
0x00007fff54231000 	/System/Library/Frameworks/ImageIO.framework/Versions/A/Resources/libPng.dylib
0x00007fff53e45000 	/System/Library/Frameworks/ImageIO.framework/Versions/A/Resources/libGIF.dylib
0x00007fff53e4a000 	/System/Library/Frameworks/ImageIO.framework/Versions/A/Resources/libJP2.dylib
0x00007fff54258000 	/System/Library/Frameworks/ImageIO.framework/Versions/A/Resources/libRadiance.dylib
0x00007fff61733000 	/System/Library/PrivateFrameworks/AppleJPEG.framework/Versions/A/AppleJPEG
0x00007fff55bfc000 	/System/Library/Frameworks/MetalPerformanceShaders.framework/Frameworks/MPSCore.framework/Versions/A/MPSCore
0x00007fff55c18000 	/System/Library/Frameworks/MetalPerformanceShaders.framework/Frameworks/MPSImage.framework/Versions/A/MPSImage
0x00007fff55cad000 	/System/Library/Frameworks/MetalPerformanceShaders.framework/Frameworks/MPSNeuralNetwork.framework/Versions/A/MPSNeuralNetwork
0x00007fff55c88000 	/System/Library/Frameworks/MetalPerformanceShaders.framework/Frameworks/MPSMatrix.framework/Versions/A/MPSMatrix
0x00007fff6cb7b000 	/System/Library/PrivateFrameworks/MetalTools.framework/Versions/A/MetalTools
0x00007fff5af62000 	/System/Library/Frameworks/OpenGL.framework/Versions/A/Libraries/libGLU.dylib
0x00007fff5ada2000 	/System/Library/Frameworks/OpenGL.framework/Versions/A/Libraries/libGFXShared.dylib
0x00007fff5adac000 	/System/Library/Frameworks/OpenGL.framework/Versions/A/Libraries/libGL.dylib
0x00007fff5adb8000 	/System/Library/Frameworks/OpenGL.framework/Versions/A/Libraries/libGLImage.dylib
0x00007fff5ad94000 	/System/Library/Frameworks/OpenGL.framework/Versions/A/Libraries/libCVMSPluginSupport.dylib
0x00007fff5ad9d000 	/System/Library/Frameworks/OpenGL.framework/Versions/A/Libraries/libCoreVMClient.dylib
0x00007fff77acc000 	/usr/lib/libcups.2.dylib
0x00007fff55163000 	/System/Library/Frameworks/Kerberos.framework/Versions/A/Kerberos
0x00007fff53929000 	/System/Library/Frameworks/GSS.framework/Versions/A/GSS
0x00007fff78bd0000 	/usr/lib/libresolv.9.dylib
0x00007fff77cca000 	/usr/lib/libiconv.2.dylib
0x00007fff6acf6000 	/System/Library/PrivateFrameworks/Heimdal.framework/Versions/A/Heimdal
0x00007fff77c99000 	/usr/lib/libheimdal-asn1.dylib
0x00007fff59c0a000 	/System/Library/Frameworks/OpenDirectory.framework/Versions/A/OpenDirectory
0x00007fff63a4a000 	/System/Library/PrivateFrameworks/CommonAuth.framework/Versions/A/CommonAuth
0x00007fff59bed000 	/System/Library/Frameworks/OpenDirectory.framework/Versions/A/Frameworks/CFOpenDirectory.framework/Versions/A/CFOpenDirectory
0x00007fff5d524000 	/System/Library/Frameworks/SecurityFoundation.framework/Versions/A/SecurityFoundation
0x00007fff608f8000 	/System/Library/PrivateFrameworks/APFS.framework/Versions/A/APFS
0x00007fff79005000 	/usr/lib/libutil.dylib
0x00007fff617b6000 	/System/Library/PrivateFrameworks/AppleSauce.framework/Versions/A/AppleSauce
0x00007fff6be62000 	/System/Library/PrivateFrameworks/LinguisticData.framework/Versions/A/LinguisticData
0x00007fff7804c000 	/usr/lib/libmarisa.dylib
0x00007fff6be1c000 	/System/Library/PrivateFrameworks/Lexicon.framework/Versions/A/Lexicon
0x00007fff76c49000 	/usr/lib/libChineseTokenizer.dylib
0x00007fff7730e000 	/usr/lib/libcmph.dylib
0x00007fff6bd26000 	/System/Library/PrivateFrameworks/LanguageModeling.framework/Versions/A/LanguageModeling
0x00007fff64567000 	/System/Library/PrivateFrameworks/CoreEmoji.framework/Versions/A/CoreEmoji
0x00007fff5d5e2000 	/System/Library/Frameworks/ServiceManagement.framework/Versions/A/ServiceManagement
0x00007fff62001000 	/System/Library/PrivateFrameworks/BackgroundTaskManagement.framework/Versions/A/BackgroundTaskManagement
0x00007fff79102000 	/usr/lib/libxslt.1.dylib
0x00007fff509e0000 	/System/Library/Frameworks/Carbon.framework/Versions/A/Frameworks/Ink.framework/Versions/A/Ink
0x00007fff74f20000 	/System/Library/PrivateFrameworks/TextureIO.framework/Versions/A/TextureIO
0x00007fff77133000 	/usr/lib/libate.dylib
0x00007fff6567e000 	/System/Library/PrivateFrameworks/CrashReporterSupport.framework/Versions/A/CrashReporterSupport
0x00007fff7225c000 	/System/Library/PrivateFrameworks/Sharing.framework/Versions/A/Sharing
0x00007fff6ba67000 	/System/Library/PrivateFrameworks/IconServices.framework/Versions/A/IconServices
0x00007fff61c31000 	/System/Library/PrivateFrameworks/AuthKit.framework/Versions/A/AuthKit
0x00007fff615b6000 	/System/Library/PrivateFrameworks/Apple80211.framework/Versions/A/Apple80211
0x00007fff65493000 	/System/Library/PrivateFrameworks/CoreUtils.framework/Versions/A/CoreUtils
0x00007fff53026000 	/System/Library/Frameworks/CoreWLAN.framework/Versions/A/CoreWLAN
0x00007fff53a6b000 	/System/Library/Frameworks/IOBluetooth.framework/Versions/A/IOBluetooth
0x00007fff70720000 	/System/Library/PrivateFrameworks/ProtocolBuffer.framework/Versions/A/ProtocolBuffer
0x00007fff6cd73000 	/System/Library/PrivateFrameworks/MobileKeyBag.framework/Versions/A/MobileKeyBag
0x00007fff64d0b000 	/System/Library/PrivateFrameworks/CorePhoneNumbers.framework/Versions/A/CorePhoneNumbers
0x00007fff616ee000 	/System/Library/PrivateFrameworks/AppleIDAuthSupport.framework/Versions/A/AppleIDAuthSupport
0x00007fff6bd12000 	/System/Library/PrivateFrameworks/KeychainCircle.framework/Versions/A/KeychainCircle
0x00007fff65619000 	/System/Library/PrivateFrameworks/CoreWiFi.framework/Versions/A/CoreWiFi
0x00007fff50f2b000 	/System/Library/Frameworks/CoreBluetooth.framework/Versions/A/CoreBluetooth
0x00007fff65869000 	/System/Library/PrivateFrameworks/DebugSymbols.framework/Versions/A/DebugSymbols
0x00007fff65249000 	/System/Library/PrivateFrameworks/CoreSymbolication.framework/Versions/A/CoreSymbolication
0x00007fff74712000 	/System/Library/PrivateFrameworks/Symbolication.framework/Versions/A/Symbolication
0x00007fff615e0000 	/System/Library/PrivateFrameworks/AppleFSCompression.framework/Versions/A/AppleFSCompression
0x00007fff73b5f000 	/System/Library/PrivateFrameworks/SpeechRecognitionCore.framework/Versions/A/SpeechRecognitionCore
0x000000010ca00000 	/Library/Java/JavaVirtualMachines/jdk1.8.0_191.jdk/Contents/Home/jre/lib/server/libjvm.dylib
0x00007fff78ed2000 	/usr/lib/libstdc++.6.0.9.dylib
0x000000010b9d4000 	/Library/Java/JavaVirtualMachines/jdk1.8.0_191.jdk/Contents/Home/jre/lib/libverify.dylib
0x000000010d9b4000 	/Library/Java/JavaVirtualMachines/jdk1.8.0_191.jdk/Contents/Home/jre/lib/libjava.dylib
0x000000010b9ec000 	/Library/Java/JavaVirtualMachines/jdk1.8.0_191.jdk/Contents/Home/jre/lib/libzip.dylib
0x00000001135f5000 	/Library/Java/JavaVirtualMachines/jdk1.8.0_191.jdk/Contents/Home/jre/lib/libnet.dylib

VM Arguments:
java_command: lib/liquibase-core-3.5.3.jar --driver=org.postgresql.Driver --classpath=lib/postgresql-9.4-1201.jdbc4.jar --changeLogFile=migrations/liquibase_development.xml --url=jdbc:postgresql://localhost:5432/naty?charSet=UTF-8 --username=postgres --password=Pilarcita1 update
java_class_path (initial): lib/liquibase-core-3.5.3.jar
Launcher Type: SUN_STANDARD

Environment Variables:
JAVA_HOME=/Library/Java/JavaVirtualMachines/jdk1.8.0_191.jdk/Contents/Home
PATH=/usr/local/lib/node_modules/npm/node_modules/npm-lifecycle/node-gyp-bin:/Users/maximilianocarrizo/Work/papelera/papelera_naty_backend/node_modules/.bin:/usr/local/bin:/usr/bin:/bin:/usr/sbin:/sbin:.:/usr/local/opt/go/libexec/bin
SHELL=/bin/bash

Signal Handlers:
SIGSEGV: [libjvm.dylib+0x5b5de9], sa_mask[0]=11111111011111110111111111111111, sa_flags=SA_ONSTACK|SA_RESTART|SA_SIGINFO
SIGBUS: [libjvm.dylib+0x5b5de9], sa_mask[0]=11111111011111110111111111111111, sa_flags=SA_RESTART|SA_SIGINFO
SIGFPE: [libjvm.dylib+0x48b6b0], sa_mask[0]=11111111011111110111111111111111, sa_flags=SA_RESTART|SA_SIGINFO
SIGPIPE: [libjvm.dylib+0x48b6b0], sa_mask[0]=11111111011111110111111111111111, sa_flags=SA_RESTART|SA_SIGINFO
SIGXFSZ: [libjvm.dylib+0x48b6b0], sa_mask[0]=11111111011111110111111111111111, sa_flags=SA_RESTART|SA_SIGINFO
SIGILL: [libjvm.dylib+0x48b6b0], sa_mask[0]=11111111011111110111111111111111, sa_flags=SA_RESTART|SA_SIGINFO
SIGUSR1: SIG_DFL, sa_mask[0]=00000000000000000000000000000000, sa_flags=SA_RESTART
SIGUSR2: [libjvm.dylib+0x48b1ce], sa_mask[0]=00000000000000000000000000000000, sa_flags=SA_RESTART|SA_SIGINFO
SIGHUP: [libjvm.dylib+0x489759], sa_mask[0]=11111111011111110111111111111111, sa_flags=SA_RESTART|SA_SIGINFO
SIGINT: [libjvm.dylib+0x489759], sa_mask[0]=11111111011111110111111111111111, sa_flags=SA_RESTART|SA_SIGINFO
SIGTERM: [libjvm.dylib+0x489759], sa_mask[0]=11111111011111110111111111111111, sa_flags=SA_RESTART|SA_SIGINFO
SIGQUIT: [libjvm.dylib+0x489759], sa_mask[0]=11111111011111110111111111111111, sa_flags=SA_RESTART|SA_SIGINFO


---------------  S Y S T E M  ---------------

OS:Bsduname:Darwin 17.7.0 Darwin Kernel Version 17.7.0: Fri Nov  2 20:43:16 PDT 2018; root:xnu-4570.71.17~1/RELEASE_X86_64 x86_64
rlimit: STACK 8192k, CORE 0k, NPROC 1418, NOFILE 10240, AS infinity
load average:3.94 4.58 4.48

CPU:total 8 (initial active 8) (4 cores per cpu, 2 threads per core) family 6 model 70 stepping 1, cmov, cx8, fxsr, mmx, sse, sse2, sse3, ssse3, sse4.1, sse4.2, popcnt, avx, avx2, aes, clmul, erms, lzcnt, ht, tsc, tscinvbit, bmi1, bmi2

Memory: 4k page, physical 16777216k(418064k free)

/proc/meminfo:


vm_info: Java HotSpot(TM) 64-Bit Server VM (25.191-b12) for bsd-amd64 JRE (1.8.0_191-b12), built on Oct  6 2018 08:37:07 by "java_re" with gcc 4.2.1 (Based on Apple Inc. build 5658) (LLVM build 2336.11.00)

time: Wed Jan 30 18:17:00 2019
elapsed time: 1 seconds (0d 0h 0m 1s)

